<?xml version="1.0" encoding="UTF-8"?>
<!-- Generated by org.testng.reporters.JUnitReportReporter -->
<testsuite skipped="0" hostname="INBLL000516" name="com.psl.OpenCart.Tests.MyOrders" tests="9" failures="0" timestamp="2022-01-14T19:00:19 IST" time="33.972" errors="0">
  <testcase name="openBrowserTest" time="7.566" classname="com.psl.OpenCart.Tests.MyOrders"/>
  <system-out/>
  <testcase name="loginToPage" time="5.724" classname="com.psl.OpenCart.Tests.MyOrders"/>
  <system-out/>
  <testcase name="viewMyOrders" time="3.192" classname="com.psl.OpenCart.Tests.MyOrders"/>
  <system-out/>
  <testcase name="viewDownloads" time="3.941" classname="com.psl.OpenCart.Tests.MyOrders"/>
  <system-out/>
  <testcase name="rewardPoints" time="3.080" classname="com.psl.OpenCart.Tests.MyOrders"/>
  <system-out/>
  <testcase name="returnRequest" time="3.764" classname="com.psl.OpenCart.Tests.MyOrders"/>
  <system-out/>
  <testcase name="transcationDetails" time="3.147" classname="com.psl.OpenCart.Tests.MyOrders"/>
  <system-out/>
  <testcase name="recurringPoints" time="3.404" classname="com.psl.OpenCart.Tests.MyOrders"/>
  <system-out/>
  <testcase name="closeBrowser" time="0.154" classname="com.psl.OpenCart.Tests.MyOrders"/>
  <system-out/>
</testsuite> <!-- com.psl.OpenCart.Tests.MyOrders -->
