<?xml version="1.0" encoding="UTF-8"?>
<!-- Generated by org.testng.reporters.JUnitReportReporter -->
<testsuite skipped="0" hostname="INBLL000516" name="com.psl.OpenCart.Tests.wish_list" tests="5" failures="0" timestamp="2022-01-14T18:55:29 IST" time="20.808" errors="0">
  <testcase name="openBrowserTest" time="9.715" classname="com.psl.OpenCart.Tests.wish_list"/>
  <system-out/>
  <testcase name="addingToWishList" time="2.016" classname="com.psl.OpenCart.Tests.wish_list"/>
  <system-out/>
  <testcase name="openWishList" time="5.842" classname="com.psl.OpenCart.Tests.wish_list"/>
  <system-out/>
  <testcase name="removeItemFromwishList" time="2.989" classname="com.psl.OpenCart.Tests.wish_list"/>
  <system-out/>
  <testcase name="closeBrowser" time="0.246" classname="com.psl.OpenCart.Tests.wish_list"/>
  <system-out/>
</testsuite> <!-- com.psl.OpenCart.Tests.wish_list -->
