<?xml version="1.0" encoding="UTF-8"?>
<!-- Generated by org.testng.reporters.JUnitReportReporter -->
<testsuite skipped="0" hostname="INBLL000516" name="com.psl.OpenCart.Tests.TestEditAccountInfo" tests="2" failures="0" timestamp="2022-01-14T15:28:31 IST" time="16.414" errors="0">
  <testcase name="validEditAccountInformation" time="8.444" classname="com.psl.OpenCart.Tests.TestEditAccountInfo"/>
  <system-out/>
  <testcase name="InvalidEditAccountInformation" time="7.970" classname="com.psl.OpenCart.Tests.TestEditAccountInfo"/>
  <system-out/>
</testsuite> <!-- com.psl.OpenCart.Tests.TestEditAccountInfo -->
