<?xml version="1.0" encoding="UTF-8"?>
<!-- Generated by org.testng.reporters.JUnitReportReporter -->
<testsuite skipped="0" hostname="INBLL000516" name="com.psl.OpenCart.Tests.TestContactUs" tests="2" failures="0" timestamp="2022-01-14T15:31:21 IST" time="21.148" errors="0">
  <testcase name="validContactform" time="9.247" classname="com.psl.OpenCart.Tests.TestContactUs"/>
  <system-out/>
  <testcase name="InvalidContactform" time="11.901" classname="com.psl.OpenCart.Tests.TestContactUs"/>
  <system-out/>
</testsuite> <!-- com.psl.OpenCart.Tests.TestContactUs -->
