<?xml version="1.0" encoding="UTF-8"?>
<!-- Generated by org.testng.reporters.JUnitReportReporter -->
<testsuite skipped="0" hostname="INBLL000516" name="com.psl.OpenCart.Tests.FinalTest" tests="8" failures="0" timestamp="2022-01-15T13:23:01 IST" time="6.104" errors="0">
  <testcase name="validateUSDollarCurrencyfunc" time="0.521" classname="com.psl.OpenCart.Tests.FinalTest"/>
  <system-out/>
  <testcase name="validateEuroCurrencyfunc" time="0.533" classname="com.psl.OpenCart.Tests.FinalTest"/>
  <system-out/>
  <testcase name="validatePoundCurrencyfunc" time="0.519" classname="com.psl.OpenCart.Tests.FinalTest"/>
  <system-out/>
  <testcase name="validateEmptyCart" time="0.941" classname="com.psl.OpenCart.Tests.FinalTest"/>
  <system-out/>
  <testcase name="validateShoppingCartPFUpdateFunc" time="1.255" classname="com.psl.OpenCart.Tests.FinalTest"/>
  <system-out/>
  <testcase name="validateShoppingCartFinalTotalPriceCheck" time="0.482" classname="com.psl.OpenCart.Tests.FinalTest"/>
  <system-out/>
  <testcase name="validateAddCouponFunc" time="1.268" classname="com.psl.OpenCart.Tests.FinalTest"/>
  <system-out/>
  <testcase name="validateShoppingCartRemoveFunc" time="0.585" classname="com.psl.OpenCart.Tests.FinalTest"/>
  <system-out/>
</testsuite> <!-- com.psl.OpenCart.Tests.FinalTest -->
