<?xml version="1.0" encoding="UTF-8"?>
<!-- Generated by org.testng.reporters.JUnitReportReporter -->
<testsuite skipped="0" hostname="INBLL000516" name="com.psl.OpenCart.Tests.LoginSearchLogout" tests="9" failures="0" timestamp="2022-01-15T12:43:48 IST" time="19.855" errors="0">
  <testcase name="driverSetup" time="2.864" classname="com.psl.OpenCart.Tests.LoginSearchLogout"/>
  <system-out/>
  <testcase name="InvalidCredentials" time="5.467" classname="com.psl.OpenCart.Tests.LoginSearchLogout"/>
  <system-out/>
  <testcase name="LoginwithBlankField" time="1.308" classname="com.psl.OpenCart.Tests.LoginSearchLogout"/>
  <system-out/>
  <testcase name="ValidCredentials" time="5.838" classname="com.psl.OpenCart.Tests.LoginSearchLogout"/>
  <system-out/>
  <testcase name="SearchButtonClickable" time="1.520" classname="com.psl.OpenCart.Tests.LoginSearchLogout"/>
  <system-out/>
  <testcase name="CategoryIdSelected" time="0.155" classname="com.psl.OpenCart.Tests.LoginSearchLogout"/>
  <system-out/>
  <testcase name="SubCategoryEnable" time="1.689" classname="com.psl.OpenCart.Tests.LoginSearchLogout"/>
  <system-out/>
  <testcase name="LogoutFunctionTest" time="0.901" classname="com.psl.OpenCart.Tests.LoginSearchLogout"/>
  <system-out/>
  <testcase name="closeBrowser" time="0.113" classname="com.psl.OpenCart.Tests.LoginSearchLogout"/>
  <system-out/>
</testsuite> <!-- com.psl.OpenCart.Tests.LoginSearchLogout -->
